2019-03-13 11:22:53.681  INFO 8860 --- [main] c.a.s.service.impl.OrderServiceImplTest  : Starting OrderServiceImplTest on DESKTOP-A8BFHHF with PID 8860 (started by taoyo in D:\IdeaProjects\sell)
2019-03-13 11:22:53.707  INFO 8860 --- [main] c.a.s.service.impl.OrderServiceImplTest  : No active profile set, falling back to default profiles: default
2019-03-13 11:22:53.749  INFO 8860 --- [main] o.s.w.c.s.GenericWebApplicationContext   : Refreshing org.springframework.web.context.support.GenericWebApplicationContext@52b56a3e: startup date [Wed Mar 13 11:22:53 CST 2019]; root of context hierarchy
2019-03-13 11:22:55.380  INFO 8860 --- [main] trationDelegate$BeanPostProcessorChecker : Bean 'org.springframework.transaction.annotation.ProxyTransactionManagementConfiguration' of type [org.springframework.transaction.annotation.ProxyTransactionManagementConfiguration$$EnhancerBySpringCGLIB$$2cdc0c34] is not eligible for getting processed by all BeanPostProcessors (for example: not eligible for auto-proxying)
2019-03-13 11:22:55.610  INFO 8860 --- [main] com.zaxxer.hikari.HikariDataSource       : HikariPool-1 - Starting...
2019-03-13 11:22:55.838  INFO 8860 --- [main] com.zaxxer.hikari.HikariDataSource       : HikariPool-1 - Start completed.
2019-03-13 11:22:55.938  INFO 8860 --- [main] j.LocalContainerEntityManagerFactoryBean : Building JPA container EntityManagerFactory for persistence unit 'default'
2019-03-13 11:22:55.960  INFO 8860 --- [main] o.hibernate.jpa.internal.util.LogHelper  : HHH000204: Processing PersistenceUnitInfo [
	name: default
	...]
2019-03-13 11:22:56.039  INFO 8860 --- [main] org.hibernate.Version                    : HHH000412: Hibernate Core {5.2.17.Final}
2019-03-13 11:22:56.040  INFO 8860 --- [main] org.hibernate.cfg.Environment            : HHH000206: hibernate.properties not found
2019-03-13 11:22:56.084  INFO 8860 --- [main] o.hibernate.annotations.common.Version   : HCANN000001: Hibernate Commons Annotations {5.0.1.Final}
2019-03-13 11:22:56.279  INFO 8860 --- [main] org.hibernate.dialect.Dialect            : HHH000400: Using dialect: org.hibernate.dialect.MySQL5Dialect
2019-03-13 11:22:56.977  INFO 8860 --- [main] j.LocalContainerEntityManagerFactoryBean : Initialized JPA EntityManagerFactory for persistence unit 'default'
2019-03-13 11:22:57.988  INFO 8860 --- [main] o.s.w.s.handler.SimpleUrlHandlerMapping  : Mapped URL path [/**/favicon.ico] onto handler of type [class org.springframework.web.servlet.resource.ResourceHttpRequestHandler]
2019-03-13 11:22:58.469  INFO 8860 --- [main] s.w.s.m.m.a.RequestMappingHandlerAdapter : Looking for @ControllerAdvice: org.springframework.web.context.support.GenericWebApplicationContext@52b56a3e: startup date [Wed Mar 13 11:22:53 CST 2019]; root of context hierarchy
2019-03-13 11:22:58.531  WARN 8860 --- [main] aWebConfiguration$JpaWebMvcConfiguration : spring.jpa.open-in-view is enabled by default. Therefore, database queries may be performed during view rendering. Explicitly configure spring.jpa.open-in-view to disable this warning
2019-03-13 11:22:58.583  INFO 8860 --- [main] s.w.s.m.m.a.RequestMappingHandlerMapping : Mapped "{[/buyer/product/list],methods=[GET]}" onto public com.allknows.sell.vo.ResultVO com.allknows.sell.controller.BuyerProductController.list()
2019-03-13 11:22:58.587  INFO 8860 --- [main] s.w.s.m.m.a.RequestMappingHandlerMapping : Mapped "{[/error]}" onto public org.springframework.http.ResponseEntity<java.util.Map<java.lang.String, java.lang.Object>> org.springframework.boot.autoconfigure.web.servlet.error.BasicErrorController.error(javax.servlet.http.HttpServletRequest)
2019-03-13 11:22:58.591  INFO 8860 --- [main] s.w.s.m.m.a.RequestMappingHandlerMapping : Mapped "{[/error],produces=[text/html]}" onto public org.springframework.web.servlet.ModelAndView org.springframework.boot.autoconfigure.web.servlet.error.BasicErrorController.errorHtml(javax.servlet.http.HttpServletRequest,javax.servlet.http.HttpServletResponse)
2019-03-13 11:22:58.639  INFO 8860 --- [main] o.s.w.s.handler.SimpleUrlHandlerMapping  : Mapped URL path [/webjars/**] onto handler of type [class org.springframework.web.servlet.resource.ResourceHttpRequestHandler]
2019-03-13 11:22:58.639  INFO 8860 --- [main] o.s.w.s.handler.SimpleUrlHandlerMapping  : Mapped URL path [/**] onto handler of type [class org.springframework.web.servlet.resource.ResourceHttpRequestHandler]
2019-03-13 11:22:59.059  INFO 8860 --- [main] c.a.s.service.impl.OrderServiceImplTest  : Started OrderServiceImplTest in 5.9 seconds (JVM running for 7.661)
2019-03-13 11:22:59.307  INFO 8860 --- [main] o.h.h.i.QueryTranslatorFactoryInitiator  : HHH000397: Using ASTQueryTranslatorFactory
2019-03-13 11:22:59.466  INFO 8860 --- [main] c.a.s.service.impl.OrderServiceImplTest  : 【查询单个订单】 result=OrderDTO(orderId=1552374429405637282, buyerName=张三, buyerIphone=12345678910, buyerAddress=王府井, buyerOpenid=1101110, orderAmount=119.20, orderStatus=0, payStatus=0, createTime=2019-03-12 15:07:09.0, updateTime=2019-03-12 15:07:09.0, orderDetailList=[OrderDetail(detailId=1552374429468391936, orderId=1552374429405637282, productId=123456, productName=皮蛋瘦肉粥, productPrice=3.20, productQuantity=1, productIcon=http://xxx.jpg), OrderDetail(detailId=1552374429489853198, orderId=1552374429405637282, productId=123457, productName=卡布奇诺, productPrice=23.20, productQuantity=5, productIcon=http://xxxx.jpg)])
2019-03-13 11:22:59.478  INFO 8860 --- [Thread-2] o.s.w.c.s.GenericWebApplicationContext   : Closing org.springframework.web.context.support.GenericWebApplicationContext@52b56a3e: startup date [Wed Mar 13 11:22:53 CST 2019]; root of context hierarchy
2019-03-13 11:22:59.483  INFO 8860 --- [Thread-2] j.LocalContainerEntityManagerFactoryBean : Closing JPA EntityManagerFactory for persistence unit 'default'
2019-03-13 11:22:59.484  INFO 8860 --- [Thread-2] com.zaxxer.hikari.HikariDataSource       : HikariPool-1 - Shutdown initiated...
2019-03-13 11:22:59.500  INFO 8860 --- [Thread-2] com.zaxxer.hikari.HikariDataSource       : HikariPool-1 - Shutdown completed.
2019-03-13 11:57:13.115  INFO 8772 --- [main] c.a.s.service.impl.OrderServiceImplTest  : Starting OrderServiceImplTest on DESKTOP-A8BFHHF with PID 8772 (started by taoyo in D:\IdeaProjects\sell)
2019-03-13 11:57:13.122  INFO 8772 --- [main] c.a.s.service.impl.OrderServiceImplTest  : No active profile set, falling back to default profiles: default
2019-03-13 11:57:13.177  INFO 8772 --- [main] o.s.w.c.s.GenericWebApplicationContext   : Refreshing org.springframework.web.context.support.GenericWebApplicationContext@5241cf67: startup date [Wed Mar 13 11:57:13 CST 2019]; root of context hierarchy
2019-03-13 11:57:14.705  INFO 8772 --- [main] trationDelegate$BeanPostProcessorChecker : Bean 'org.springframework.transaction.annotation.ProxyTransactionManagementConfiguration' of type [org.springframework.transaction.annotation.ProxyTransactionManagementConfiguration$$EnhancerBySpringCGLIB$$6cb9e778] is not eligible for getting processed by all BeanPostProcessors (for example: not eligible for auto-proxying)
2019-03-13 11:57:14.945  INFO 8772 --- [main] com.zaxxer.hikari.HikariDataSource       : HikariPool-1 - Starting...
2019-03-13 11:57:15.223  INFO 8772 --- [main] com.zaxxer.hikari.HikariDataSource       : HikariPool-1 - Start completed.
2019-03-13 11:57:15.279  INFO 8772 --- [main] j.LocalContainerEntityManagerFactoryBean : Building JPA container EntityManagerFactory for persistence unit 'default'
2019-03-13 11:57:15.295  INFO 8772 --- [main] o.hibernate.jpa.internal.util.LogHelper  : HHH000204: Processing PersistenceUnitInfo [
	name: default
	...]
2019-03-13 11:57:15.401  INFO 8772 --- [main] org.hibernate.Version                    : HHH000412: Hibernate Core {5.2.17.Final}
2019-03-13 11:57:15.402  INFO 8772 --- [main] org.hibernate.cfg.Environment            : HHH000206: hibernate.properties not found
2019-03-13 11:57:15.448  INFO 8772 --- [main] o.hibernate.annotations.common.Version   : HCANN000001: Hibernate Commons Annotations {5.0.1.Final}
2019-03-13 11:57:15.635  INFO 8772 --- [main] org.hibernate.dialect.Dialect            : HHH000400: Using dialect: org.hibernate.dialect.MySQL5Dialect
2019-03-13 11:57:16.378  INFO 8772 --- [main] j.LocalContainerEntityManagerFactoryBean : Initialized JPA EntityManagerFactory for persistence unit 'default'
2019-03-13 11:57:17.293  INFO 8772 --- [main] o.s.w.s.handler.SimpleUrlHandlerMapping  : Mapped URL path [/**/favicon.ico] onto handler of type [class org.springframework.web.servlet.resource.ResourceHttpRequestHandler]
2019-03-13 11:57:17.643  INFO 8772 --- [main] s.w.s.m.m.a.RequestMappingHandlerAdapter : Looking for @ControllerAdvice: org.springframework.web.context.support.GenericWebApplicationContext@5241cf67: startup date [Wed Mar 13 11:57:13 CST 2019]; root of context hierarchy
2019-03-13 11:57:17.704  WARN 8772 --- [main] aWebConfiguration$JpaWebMvcConfiguration : spring.jpa.open-in-view is enabled by default. Therefore, database queries may be performed during view rendering. Explicitly configure spring.jpa.open-in-view to disable this warning
2019-03-13 11:57:17.749  INFO 8772 --- [main] s.w.s.m.m.a.RequestMappingHandlerMapping : Mapped "{[/buyer/product/list],methods=[GET]}" onto public com.allknows.sell.vo.ResultVO com.allknows.sell.controller.BuyerProductController.list()
2019-03-13 11:57:17.752  INFO 8772 --- [main] s.w.s.m.m.a.RequestMappingHandlerMapping : Mapped "{[/error]}" onto public org.springframework.http.ResponseEntity<java.util.Map<java.lang.String, java.lang.Object>> org.springframework.boot.autoconfigure.web.servlet.error.BasicErrorController.error(javax.servlet.http.HttpServletRequest)
2019-03-13 11:57:17.753  INFO 8772 --- [main] s.w.s.m.m.a.RequestMappingHandlerMapping : Mapped "{[/error],produces=[text/html]}" onto public org.springframework.web.servlet.ModelAndView org.springframework.boot.autoconfigure.web.servlet.error.BasicErrorController.errorHtml(javax.servlet.http.HttpServletRequest,javax.servlet.http.HttpServletResponse)
2019-03-13 11:57:17.792  INFO 8772 --- [main] o.s.w.s.handler.SimpleUrlHandlerMapping  : Mapped URL path [/webjars/**] onto handler of type [class org.springframework.web.servlet.resource.ResourceHttpRequestHandler]
2019-03-13 11:57:17.792  INFO 8772 --- [main] o.s.w.s.handler.SimpleUrlHandlerMapping  : Mapped URL path [/**] onto handler of type [class org.springframework.web.servlet.resource.ResourceHttpRequestHandler]
2019-03-13 11:57:18.127  INFO 8772 --- [main] c.a.s.service.impl.OrderServiceImplTest  : Started OrderServiceImplTest in 5.598 seconds (JVM running for 7.113)
2019-03-13 11:57:18.334  INFO 8772 --- [main] o.h.h.i.QueryTranslatorFactoryInitiator  : HHH000397: Using ASTQueryTranslatorFactory
2019-03-13 11:57:18.589  INFO 8772 --- [Thread-2] o.s.w.c.s.GenericWebApplicationContext   : Closing org.springframework.web.context.support.GenericWebApplicationContext@5241cf67: startup date [Wed Mar 13 11:57:13 CST 2019]; root of context hierarchy
2019-03-13 11:57:18.595  INFO 8772 --- [Thread-2] j.LocalContainerEntityManagerFactoryBean : Closing JPA EntityManagerFactory for persistence unit 'default'
2019-03-13 11:57:18.596  INFO 8772 --- [Thread-2] com.zaxxer.hikari.HikariDataSource       : HikariPool-1 - Shutdown initiated...
2019-03-13 11:57:18.606  INFO 8772 --- [Thread-2] com.zaxxer.hikari.HikariDataSource       : HikariPool-1 - Shutdown completed.
